<?xml version="1.0" encoding="UTF-8"?>
<!-- Generated by org.testng.reporters.JUnitXMLReporter -->
<testsuite hostname="mojesamomoje" ignored="0" name="FirefoxTest" tests="10" failures="0" timestamp="2021-07-20T16:15:35 CEST" time="208.234" errors="0">
  <testcase name="GetFakeMailForRegistration" time="1.832" classname="com.tests.writeFakeMailtoExcel"/>
  <testcase name="createAccount" time="4.906" classname="com.tests.CreateAccount"/>
  <testcase name="createAccount" time="3.493" classname="com.tests.Login"/>
  <testcase name="createAccount" time="5.216" classname="com.tests.Logout"/>
  <testcase name="createAccount" time="6.347" classname="com.tests.ChangePassword"/>
  <testcase name="LoginAndSearch" time="12.751" classname="com.tests.SearchAndViewProducts"/>
  <testcase name="LoginAndSearch" time="17.6" classname="com.tests.AddItemToWishList"/>
  <testcase name="LoginAndSearch" time="14.95" classname="com.tests.AddItemToChartS"/>
  <testcase name="LoginAndSearch" time="62.628" classname="com.tests.AddItemToChartAndCheckout"/>
  <testcase name="createAccount" time="7.917" classname="com.tests.ReturnOrder"/>
</testsuite> <!-- FirefoxTest -->
