<?xml version="1.0" encoding="UTF-8"?>
<!-- Generated by org.testng.reporters.JUnitXMLReporter -->
<testsuite hostname="mojesamomoje" ignored="0" name="FirefoxTest" tests="10" failures="0" timestamp="2021-07-20T16:11:20 CEST" time="210.385" errors="0">
  <testcase name="GetFakeMailForRegistration" time="1.714" classname="com.tests.writeFakeMailtoExcel"/>
  <testcase name="createAccount" time="4.878" classname="com.tests.CreateAccount"/>
  <testcase name="createAccount" time="3.481" classname="com.tests.Login"/>
  <testcase name="createAccount" time="5.261" classname="com.tests.Logout"/>
  <testcase name="createAccount" time="6.117" classname="com.tests.ChangePassword"/>
  <testcase name="LoginAndSearch" time="13.948" classname="com.tests.SearchAndViewProducts"/>
  <testcase name="LoginAndSearch" time="17.717" classname="com.tests.AddItemToWishList"/>
  <testcase name="LoginAndSearch" time="14.922" classname="com.tests.AddItemToChartS"/>
  <testcase name="LoginAndSearch" time="62.759" classname="com.tests.AddItemToChartAndCheckout"/>
  <testcase name="createAccount" time="7.814" classname="com.tests.ReturnOrder"/>
</testsuite> <!-- FirefoxTest -->
