<?xml version="1.0" encoding="UTF-8"?>
<!-- Generated by org.testng.reporters.JUnitXMLReporter -->
<testsuite hostname="mojesamomoje" ignored="4" name="Test" tests="2" failures="0" timestamp="2021-07-17T02:06:28 CEST" time="5.702" errors="0">
  <testcase name="getTitle" time="0.048" classname="com.tests.DemoTest2"/>
  <testcase name="getTitle" time="0.022" classname="com.tests.DemoTest3"/>
  <testcase name="@AfterTest closeBrowser" time="0.0" classname="com.tests.DemoTest">
    <ignored/>
  </testcase> <!-- @AfterTest closeBrowser -->
  <testcase name="@AfterTest closeBrowser" time="0.0" classname="com.tests.DemoTest">
    <ignored/>
  </testcase> <!-- @AfterTest closeBrowser -->
  <testcase name="@BeforeTest openBrowser" time="0.0" classname="com.tests.DemoTest">
    <ignored/>
  </testcase> <!-- @BeforeTest openBrowser -->
  <testcase name="@BeforeTest openBrowser" time="0.0" classname="com.tests.DemoTest">
    <ignored/>
  </testcase> <!-- @BeforeTest openBrowser -->
</testsuite> <!-- Test -->
